\BOOKMARK [1][-]{section.1}{Introduction}{}% 1
\BOOKMARK [2][-]{subsection.1.1}{Background}{section.1}% 2
\BOOKMARK [2][-]{subsection.1.2}{Program\040Restatement}{section.1}% 3
\BOOKMARK [2][-]{subsection.1.3}{Solution\040Introduction}{section.1}% 4
\BOOKMARK [1][-]{section.2}{Data\040Processing\040and\040Conclusion\040Analysing}{}% 5
\BOOKMARK [2][-]{subsection.2.1}{Sales-Based\040Analysis}{section.2}% 6
\BOOKMARK [2][-]{subsection.2.2}{Count\040the\040Word\040Frequency\040Statistics}{section.2}% 7
\BOOKMARK [3][-]{subsubsection.2.2.1}{Remove\040Stopwords}{subsection.2.2}% 8
\BOOKMARK [2][-]{subsection.2.3}{Advantages\040and\040Disadvantages\040of\040Three\040Products}{section.2}% 9
\BOOKMARK [3][-]{subsubsection.2.3.1}{Pacifier}{subsection.2.3}% 10
\BOOKMARK [3][-]{subsubsection.2.3.2}{Hair\040Dryer}{subsection.2.3}% 11
\BOOKMARK [3][-]{subsubsection.2.3.3}{Microwave}{subsection.2.3}% 12
\BOOKMARK [2][-]{subsection.2.4}{Relations\040between\040Specific\040Quality\040Descriptors\040and\040Rating\040Levels}{section.2}% 13
\BOOKMARK [2][-]{subsection.2.5}{Do\040specific\040star\040ratings\040incite\040more\040reviews?\040}{section.2}% 14
\BOOKMARK [3][-]{subsubsection.2.5.1}{Theory}{subsection.2.5}% 15
\BOOKMARK [3][-]{subsubsection.2.5.2}{Data\040Processing}{subsection.2.5}% 16
\BOOKMARK [3][-]{subsubsection.2.5.3}{Conclusion}{subsection.2.5}% 17
\BOOKMARK [2][-]{subsection.2.6}{Using\040DNN\040to\040Calculate\040the\040Value\040of\040the\040Reviews}{section.2}% 18
\BOOKMARK [3][-]{subsubsection.2.6.1}{Preprocessing}{subsection.2.6}% 19
\BOOKMARK [3][-]{subsubsection.2.6.2}{Algorithm}{subsection.2.6}% 20
\BOOKMARK [2][-]{subsection.2.7}{Verifying\040the\040Accuracy\040of\040Review-Based\040Ratings}{section.2}% 21
\BOOKMARK [2][-]{subsection.2.8}{User\040Evaluation}{section.2}% 22
\BOOKMARK [3][-]{subsubsection.2.8.1}{Theory}{subsection.2.8}% 23
\BOOKMARK [3][-]{subsubsection.2.8.2}{Data\040Processing}{subsection.2.8}% 24
\BOOKMARK [1][-]{section.3}{Conclusion}{}% 25
\BOOKMARK [1][-]{section.4}{Letter}{}% 26
\BOOKMARK [1][-]{section*.16}{Appendices}{}% 27
\BOOKMARK [1][-]{appendix.a.A}{Appendix\040First\040appendix}{}% 28
